<?xml version="1.0" encoding="UTF-8"?>
<testng-results ignored="0" total="3" passed="3" failed="0" skipped="0">
  <reporter-output>
  </reporter-output>
  <suite started-at="2024-12-02T11:23:06 IST" name="Default suite" finished-at="2024-12-02T11:23:08 IST" duration-ms="2275">
    <groups>
    </groups>
    <test started-at="2024-12-02T11:23:06 IST" name="Default test" finished-at="2024-12-02T11:23:08 IST" duration-ms="2275">
      <class name="com.example.api.APITest">
        <test-method signature="testAllPosts()[pri:0, instance:com.example.api.APITest@7714e963]" started-at="2024-12-02T11:23:06 IST" name="testAllPosts" finished-at="2024-12-02T11:23:08 IST" duration-ms="1873" status="PASS">
          <reporter-output>
          </reporter-output>
        </test-method> <!-- testAllPosts -->
        <test-method signature="testGetRequest()[pri:0, instance:com.example.api.APITest@7714e963]" started-at="2024-12-02T11:23:08 IST" name="testGetRequest" finished-at="2024-12-02T11:23:08 IST" duration-ms="99" status="PASS">
          <reporter-output>
          </reporter-output>
        </test-method> <!-- testGetRequest -->
        <test-method signature="testPostRequest()[pri:0, instance:com.example.api.APITest@7714e963]" started-at="2024-12-02T11:23:08 IST" name="testPostRequest" finished-at="2024-12-02T11:23:08 IST" duration-ms="254" status="PASS">
          <reporter-output>
          </reporter-output>
        </test-method> <!-- testPostRequest -->
      </class> <!-- com.example.api.APITest -->
    </test> <!-- Default test -->
  </suite> <!-- Default suite -->
</testng-results>
