<?xml version="1.0" encoding="UTF-8"?>
<!-- Generated by org.testng.reporters.JUnitXMLReporter -->
<testsuite ignored="0" hostname="Bharu-WarMachine" failures="0" tests="3" name="Default test" time="2.275" errors="0" timestamp="2024-12-02T11:23:08 IST">
  <testcase classname="com.example.api.APITest" name="testAllPosts" time="1.873"/>
  <testcase classname="com.example.api.APITest" name="testGetRequest" time="0.099"/>
  <testcase classname="com.example.api.APITest" name="testPostRequest" time="0.254"/>
</testsuite> <!-- Default test -->
